0 verbose cli [
0 verbose cli   '/home/ec2-user/.nvm/versions/node/v15.10.0/bin/node',
0 verbose cli   '/home/ec2-user/.nvm/versions/node/v15.10.0/lib/node_modules/npm/bin/npm-cli.js',
0 verbose cli   'exec',
0 verbose cli   '--',
0 verbose cli   'create-react-app',
0 verbose cli   'amplifyapp'
0 verbose cli ]
1 info using npm@7.5.3
2 info using node@v15.10.0
3 timing config:load:defaults Completed in 2ms
4 timing config:load:file:/home/ec2-user/.nvm/versions/node/v15.10.0/lib/node_modules/npm/npmrc Completed in 1ms
5 timing config:load:builtin Completed in 1ms
6 timing config:load:cli Completed in 1ms
7 timing config:load:env Completed in 1ms
8 timing config:load:project Completed in 0ms
9 timing config:load:file:/home/ec2-user/.npmrc Completed in 0ms
10 timing config:load:user Completed in 0ms
11 timing config:load:file:/home/ec2-user/.nvm/versions/node/v15.10.0/etc/npmrc Completed in 0ms
12 timing config:load:global Completed in 1ms
13 timing config:load:cafile Completed in 0ms
14 timing config:load:validate Completed in 0ms
15 timing config:load:setUserAgent Completed in 1ms
16 timing config:load:setEnvs Completed in 0ms
17 timing config:load Completed in 8ms
18 verbose npm-session d4201b42d74160f5
19 timing npm:load Completed in 17ms
20 http fetch GET 304 https://registry.npmjs.org/create-react-app 134ms (from cache)
21 timing arborist:ctor Completed in 0ms
22 timing arborist:ctor Completed in 0ms
23 timing arborist:ctor Completed in 0ms
24 timing command:exec Completed in 897ms
25 verbose stack Error: command failed
25 verbose stack     at ChildProcess.<anonymous> (/home/ec2-user/.nvm/versions/node/v15.10.0/lib/node_modules/npm/node_modules/@npmcli/promise-spawn/index.js:64:27)
25 verbose stack     at ChildProcess.emit (node:events:378:20)
25 verbose stack     at maybeClose (node:internal/child_process:1067:16)
25 verbose stack     at Process.ChildProcess._handle.onexit (node:internal/child_process:301:5)
26 verbose cwd /home/ec2-user
27 verbose Linux 4.14.219-161.340.amzn2.x86_64
28 verbose argv "/home/ec2-user/.nvm/versions/node/v15.10.0/bin/node" "/home/ec2-user/.nvm/versions/node/v15.10.0/lib/node_modules/npm/bin/npm-cli.js" "exec" "--" "create-react-app" "amplifyapp"
29 verbose node v15.10.0
30 verbose npm  v7.5.3
31 error code 1
32 error path /home/ec2-user
33 error command failed
34 error command sh -c create-react-app "amplifyapp"
35 verbose exit 1
